<?xml version="1.0" encoding="UTF-8"?>
<testsuite xmlns:xsi="http://www.w3.org/2001/XMLSchema-instance" xsi:noNamespaceSchemaLocation="https://maven.apache.org/surefire/maven-surefire-plugin/xsd/surefire-test-report.xsd" version="3.0.2" name="su.nightexpress.excellentcrates.opening.cinematic.scene.FrameValuesTest" time="0.347" tests="33" errors="0" skipped="0" failures="0">
  <properties>
[...]
</properties>
  <testcase name="tickFormattingReadsAsSeconds" classname="su.nightexpress.excellentcrates.opening.cinematic.scene.FrameValuesTest" time="0.002"/>
  <testcase name="defaultFrameReportsItsOwnType(FrameType)[1]" classname="su.nightexpress.excellentcrates.opening.cinematic.scene.FrameValuesTest" time="0.002"/>
  <testcase name="defaultFrameReportsItsOwnType(FrameType)[2]" classname="su.nightexpress.excellentcrates.opening.cinematic.scene.FrameValuesTest" time="0.003"/>
  <testcase name="defaultFrameReportsItsOwnType(FrameType)[3]" classname="su.nightexpress.excellentcrates.opening.cinematic.scene.FrameValuesTest" time="0.003"/>
  <testcase name="defaultFrameReportsItsOwnType(FrameType)[4]" classname="su.nightexpress.excellentcrates.opening.cinematic.scene.FrameValuesTest" time="0.002"/>
  <testcase name="defaultFrameReportsItsOwnType(FrameType)[5]" classname="su.nightexpress.excellentcrates.opening.cinematic.scene.FrameValuesTest" time="0.001"/>
  <testcase name="defaultFrameReportsItsOwnType(FrameType)[6]" classname="su.nightexpress.excellentcrates.opening.cinematic.scene.FrameValuesTest" time="0.002"/>
  <testcase name="defaultFrameReportsItsOwnType(FrameType)[7]" classname="su.nightexpress.excellentcrates.opening.cinematic.scene.FrameValuesTest" time="0.001"/>
  <testcase name="defaultFrameReportsItsOwnType(FrameType)[8]" classname="su.nightexpress.excellentcrates.opening.cinematic.scene.FrameValuesTest" time="0.002"/>
  <testcase name="unknownFrameTypeNameIsRejected" classname="su.nightexpress.excellentcrates.opening.cinematic.scene.FrameValuesTest" time="0.049"/>
  <testcase name="negativeDurationIsClampedToZero(FrameType)[1]" classname="su.nightexpress.excellentcrates.opening.cinematic.scene.FrameValuesTest" time="0.002"/>
  <testcase name="negativeDurationIsClampedToZero(FrameType)[2]" classname="su.nightexpress.excellentcrates.opening.cinematic.scene.FrameValuesTest" time="0.0"/>
  <testcase name="negativeDurationIsClampedToZero(FrameType)[3]" classname="su.nightexpress.excellentcrates.opening.cinematic.scene.FrameValuesTest" time="0.001"/>
  <testcase name="negativeDurationIsClampedToZero(FrameType)[4]" classname="su.nightexpress.excellentcrates.opening.cinematic.scene.FrameValuesTest" time="0.001"/>
  <testcase name="negativeDurationIsClampedToZero(FrameType)[5]" classname="su.nightexpress.excellentcrates.opening.cinematic.scene.FrameValuesTest" time="0.0"/>
  <testcase name="negativeDurationIsClampedToZero(FrameType)[6]" classname="su.nightexpress.excellentcrates.opening.cinematic.scene.FrameValuesTest" time="0.001"/>
  <testcase name="negativeDurationIsClampedToZero(FrameType)[7]" classname="su.nightexpress.excellentcrates.opening.cinematic.scene.FrameValuesTest" time="0.001"/>
  <testcase name="negativeDurationIsClampedToZero(FrameType)[8]" classname="su.nightexpress.excellentcrates.opening.cinematic.scene.FrameValuesTest" time="0.0"/>
  <testcase name="particleCountAndSpeedCannotBeNegative" classname="su.nightexpress.excellentcrates.opening.cinematic.scene.FrameValuesTest" time="0.001"/>
  <testcase name="instantFrameKindsDefaultToZeroDuration" classname="su.nightexpress.excellentcrates.opening.cinematic.scene.FrameValuesTest" time="0.001"/>
  <testcase name="soundPitchIsClampedToTheVanillaRange" classname="su.nightexpress.excellentcrates.opening.cinematic.scene.FrameValuesTest" time="0.001"/>
  <testcase name="everyFrameHasANonBlankSummary(FrameType)[1]" classname="su.nightexpress.excellentcrates.opening.cinematic.scene.FrameValuesTest" time="0.002"/>
  <testcase name="everyFrameHasANonBlankSummary(FrameType)[2]" classname="su.nightexpress.excellentcrates.opening.cinematic.scene.FrameValuesTest" time="0.001"/>
  <testcase name="everyFrameHasANonBlankSummary(FrameType)[3]" classname="su.nightexpress.excellentcrates.opening.cinematic.scene.FrameValuesTest" time="0.001"/>
  <testcase name="everyFrameHasANonBlankSummary(FrameType)[4]" classname="su.nightexpress.excellentcrates.opening.cinematic.scene.FrameValuesTest" time="0.001"/>
  <testcase name="everyFrameHasANonBlankSummary(FrameType)[5]" classname="su.nightexpress.excellentcrates.opening.cinematic.scene.FrameValuesTest" time="0.002"/>
  <testcase name="everyFrameHasANonBlankSummary(FrameType)[6]" classname="su.nightexpress.excellentcrates.opening.cinematic.scene.FrameValuesTest" time="0.002"/>
  <testcase name="everyFrameHasANonBlankSummary(FrameType)[7]" classname="su.nightexpress.excellentcrates.opening.cinematic.scene.FrameValuesTest" time="0.001"/>
  <testcase name="everyFrameHasANonBlankSummary(FrameType)[8]" classname="su.nightexpress.excellentcrates.opening.cinematic.scene.FrameValuesTest" time="0.001"/>
  <testcase name="timedFrameKindsDefaultToANonZeroDuration" classname="su.nightexpress.excellentcrates.opening.cinematic.scene.FrameValuesTest" time="0.001"/>
  <testcase name="soundVolumeCannotBeNegative" classname="su.nightexpress.excellentcrates.opening.cinematic.scene.FrameValuesTest" time="0.0"/>
  <testcase name="titleTimingsCannotBeNegative" classname="su.nightexpress.excellentcrates.opening.cinematic.scene.FrameValuesTest" time="0.0"/>
  <testcase name="propScaleCannotCollapseToZero" classname="su.nightexpress.excellentcrates.opening.cinematic.scene.FrameValuesTest" time="0.0"/>
</testsuite>